4.066676
1.096773
0.496634
0.217365
0.170407
0.075507
0.074449
0.111415
0.052627
0.061322
0.042658
0.037007
0.033830
0.047912
0.032979
0.042345
0.013078
0.027871
0.009875
0.056936
0.013063
0.007269
0.012895
0.012543
0.014114
0.032844
0.009590
0.013040
0.006676
0.012771
0.013797
0.008656
0.005313
0.003536
0.007770
0.004272
0.014578
0.002103
0.007680
0.019043
0.001707
0.005309
0.006061
0.166812
0.002902
0.012026
0.000177
0.006998
0.008320
0.004661
0.001306
0.002451
0.005854
0.003660
0.000805
0.004741
0.002261
0.000520
0.007339
0.008190
0.152982
0.000842
0.011953
0.020481
0.001270
0.000290
0.012417
0.017382
0.002398
0.001872
0.008112
0.005825
0.000925
0.003163
0.006454
0.003577
0.000227
0.003958
0.000339
0.001197
0.000717
0.004494
0.000619
0.006243
0.000291
0.000389
0.000413
0.000272
0.001621
0.008522
0.006354
0.001069
0.000785
0.002647
0.000786
0.008026
0.000440
0.004081
0.006150
0.000514
0.009143
0.000104
0.000064
0.011047
0.008098
0.002467
0.002965
0.000283
0.000926
0.001401
0.000347
